<?xml version="1.0" encoding="UTF-8"?>
<!-- Generated by org.testng.reporters.JUnitReportReporter -->
<testsuite hostname="ABHAI" failures="0" tests="1" name="hybridFrame.check" time="0.010" errors="0" timestamp="2024-09-06T17:14:05 IST" skipped="0">
  <testcase classname="hybridFrame.check" name="main" time="0.010"/>
</testsuite> <!-- hybridFrame.check -->
