<?xml version="1.0" encoding="UTF-8"?>
<!-- Generated by org.testng.reporters.JUnitReportReporter -->
<testsuite hostname="ABHAI" failures="0" tests="1" name="testCase.TC001_AccountRegistrerationTest" time="1.772" errors="0" timestamp="2024-09-26T00:25:44 IST" skipped="0">
  <testcase classname="testCase.TC001_AccountRegistrerationTest" name="TC001_verify_account_registration" time="1.772"/>
</testsuite> <!-- testCase.TC001_AccountRegistrerationTest -->
