<?xml version="1.0" encoding="UTF-8"?>
<!-- Generated by org.testng.reporters.JUnitReportReporter -->
<testsuite hostname="ABHAI" failures="0" tests="1" name="testCase.TC002_Login_Test" time="1.580" errors="0" timestamp="2024-09-26T00:25:44 IST" skipped="0">
  <testcase classname="testCase.TC002_Login_Test" name="TC002_LoginTest" time="1.580"/>
</testsuite> <!-- testCase.TC002_Login_Test -->
